<?xml version="1.0" encoding="UTF-8"?>
<testng-results skipped="0" failed="0" ignored="0" total="2" passed="2">
  <reporter-output>
  </reporter-output>
  <suite name="Suite" duration-ms="20824" started-at="2021-08-28T12:37:01Z" finished-at="2021-08-28T12:37:22Z">
    <groups>
    </groups>
    <test name="Test" duration-ms="20824" started-at="2021-08-28T12:37:01Z" finished-at="2021-08-28T12:37:22Z">
      <class name="testcases.NewTest">
        <test-method status="PASS" signature="setup()[pri:0, instance:testcases.NewTest@6d2a209c]" name="setup" is-config="true" duration-ms="10032" started-at="2021-08-28T12:37:01Z" finished-at="2021-08-28T12:37:11Z">
          <reporter-output>
          </reporter-output>
        </test-method> <!-- setup -->
        <test-method status="PASS" signature="f()[pri:0, instance:testcases.NewTest@6d2a209c]" name="f" duration-ms="4740" started-at="2021-08-28T12:37:11Z" finished-at="2021-08-28T12:37:16Z">
          <reporter-output>
          </reporter-output>
        </test-method> <!-- f -->
        <test-method status="PASS" signature="f1(java.lang.String, java.lang.String, java.lang.String, java.lang.String, java.lang.String, java.lang.String, java.lang.String)[pri:1, instance:testcases.NewTest@6d2a209c]" name="f1" duration-ms="6020" started-at="2021-08-28T12:37:16Z" finished-at="2021-08-28T12:37:22Z">
          <params>
            <param index="0">
              <value>
                <![CDATA[kunal]]>
              </value>
            </param>
            <param index="1">
              <value>
                <![CDATA[sharma]]>
              </value>
            </param>
            <param index="2">
              <value>
                <![CDATA[intelli]]>
              </value>
            </param>
            <param index="3">
              <value>
                <![CDATA[AU]]>
              </value>
            </param>
            <param index="4">
              <value>
                <![CDATA[K@K.COM]]>
              </value>
            </param>
            <param index="5">
              <value>
                <![CDATA[12345678]]>
              </value>
            </param>
            <param index="6">
              <value>
                <![CDATA[HI, HOW ARE YOU?]]>
              </value>
            </param>
          </params>
          <reporter-output>
          </reporter-output>
        </test-method> <!-- f1 -->
      </class> <!-- testcases.NewTest -->
    </test> <!-- Test -->
  </suite> <!-- Suite -->
</testng-results>
